2024/04/07 18:26:39.102437 main.go:18: [Info] Starting server...
2024/04/07 18:26:39.102763 db.go:23: [Info] Connecting to database with : host=localhost user=postgres password=admin dbname=pouswap port=5432 sslmode=disable TimeZone=Asia/Shanghai
2024/04/07 18:26:39.154947 db.go:34: [Info] Database connected successfully
2024/04/07 18:26:39.155036 db.go:36: [Info] running migrations
2024/04/07 18:26:39.319366 main.go:31: [Info] Server started on port 3001
2024/04/07 18:35:41.779797 main.go:18: [Info] Starting server...
2024/04/07 18:35:41.780143 db.go:23: [Info] Connecting to database with : host=localhost user=postgres password=admin dbname=pouswap port=5432 sslmode=disable TimeZone=Asia/Shanghai
2024/04/07 18:35:41.825236 db.go:34: [Info] Database connected successfully
2024/04/07 18:35:41.825300 db.go:36: [Info] running migrations
2024/04/07 18:35:41.983070 main.go:31: [Info] Server started on port 3001
2024/04/07 18:36:13.585018 main.go:18: [Info] Starting server...
2024/04/07 18:36:13.585217 db.go:23: [Info] Connecting to database with : host=localhost user=postgres password=admin dbname=pouswap port=5432 sslmode=disable TimeZone=Asia/Shanghai
2024/04/07 18:36:13.637785 db.go:34: [Info] Database connected successfully
2024/04/07 18:36:13.637832 db.go:36: [Info] running migrations
2024/04/07 18:36:13.780901 main.go:31: [Info] Server started on port 3001
2024/04/07 18:36:40.083624 main.go:18: [Info] Starting server...
2024/04/07 18:36:40.083828 db.go:23: [Info] Connecting to database with : host=localhost user=postgres password=admin dbname=pouswap port=5432 sslmode=disable TimeZone=Asia/Shanghai
2024/04/07 18:36:40.135923 db.go:34: [Info] Database connected successfully
2024/04/07 18:36:40.136007 db.go:36: [Info] running migrations
2024/04/07 18:36:40.282370 main.go:31: [Info] Server started on port 3001
2024/04/07 18:36:59.989599 main.go:18: [Info] Starting server...
2024/04/07 18:36:59.989778 db.go:23: [Info] Connecting to database with : host=localhost user=postgres password=admin dbname=pouswap port=5432 sslmode=disable TimeZone=Asia/Shanghai
2024/04/07 18:37:00.042009 db.go:34: [Info] Database connected successfully
2024/04/07 18:37:00.042087 db.go:36: [Info] running migrations
2024/04/07 18:37:00.181013 main.go:31: [Info] Server started on port 3001
2024/04/07 18:42:28.861658 main.go:18: [Info] Starting server...
2024/04/07 18:42:28.861807 db.go:23: [Info] Connecting to database with : host=localhost user=postgres password=admin dbname=pouswap port=5432 sslmode=disable TimeZone=Asia/Shanghai
2024/04/07 18:42:28.912958 db.go:34: [Info] Database connected successfully
2024/04/07 18:42:28.913023 db.go:36: [Info] running migrations
2024/04/07 18:42:29.058131 main.go:31: [Info] Server started on port 3001
2024/04/07 18:43:28.472211 main.go:18: [Info] Starting server...
2024/04/07 18:43:28.472473 db.go:23: [Info] Connecting to database with : host=localhost user=postgres password=admin dbname=pouswap port=5432 sslmode=disable TimeZone=Asia/Shanghai
2024/04/07 18:43:28.508862 db.go:34: [Info] Database connected successfully
2024/04/07 18:43:28.508919 db.go:36: [Info] running migrations
2024/04/07 18:43:28.635838 main.go:31: [Info] Server started on port 3001
2024/04/07 18:45:52.522173 main.go:18: [Info] Starting server...
2024/04/07 18:45:52.522414 db.go:23: [Info] Connecting to database with : host=localhost user=postgres password=admin dbname=pouswap port=5432 sslmode=disable TimeZone=Asia/Shanghai
2024/04/07 18:45:52.574345 db.go:34: [Info] Database connected successfully
2024/04/07 18:45:52.574411 db.go:36: [Info] running migrations
2024/04/07 18:45:52.722759 main.go:39: [Info] Server started on port 3001
2024/04/07 18:46:08.214995 main.go:18: [Info] Starting server...
2024/04/07 18:46:08.215305 db.go:23: [Info] Connecting to database with : host=localhost user=postgres password=admin dbname=pouswap port=5432 sslmode=disable TimeZone=Asia/Shanghai
2024/04/07 18:46:08.264513 db.go:34: [Info] Database connected successfully
2024/04/07 18:46:08.264561 db.go:36: [Info] running migrations
2024/04/07 18:46:08.418258 main.go:39: [Info] Server started on port 3001
2024/04/07 18:48:52.284169 main.go:18: [Info] Starting server...
2024/04/07 18:48:52.284532 db.go:23: [Info] Connecting to database with : host=localhost user=postgres password=admin dbname=pouswap port=5432 sslmode=disable TimeZone=Asia/Shanghai
2024/04/07 18:48:52.331083 db.go:34: [Info] Database connected successfully
2024/04/07 18:48:52.331142 db.go:36: [Info] running migrations
2024/04/07 18:48:52.487226 main.go:39: [Info] Server started on port 3001
2024/04/07 18:50:05.034057 main.go:18: [Info] Starting server...
2024/04/07 18:50:05.034314 db.go:23: [Info] Connecting to database with : host=localhost user=postgres password=admin dbname=pouswap port=5432 sslmode=disable TimeZone=Asia/Shanghai
2024/04/07 18:50:05.077978 db.go:34: [Info] Database connected successfully
2024/04/07 18:50:05.078043 db.go:36: [Info] running migrations
2024/04/07 18:50:05.244971 main.go:39: [Info] Server started on port 3001
2024/04/07 18:51:20.054682 main.go:18: [Info] Starting server...
2024/04/07 18:51:20.054927 db.go:23: [Info] Connecting to database with : host=localhost user=postgres password=admin dbname=pouswap port=5432 sslmode=disable TimeZone=Asia/Shanghai
2024/04/07 18:51:20.103943 db.go:34: [Info] Database connected successfully
2024/04/07 18:51:20.104002 db.go:36: [Info] running migrations
2024/04/07 18:51:20.264670 main.go:39: [Info] Server started on port 3001
2024/04/07 18:52:00.483334 main.go:18: [Info] Starting server...
2024/04/07 18:52:00.483490 db.go:23: [Info] Connecting to database with : host=localhost user=postgres password=admin dbname=pouswap port=5432 sslmode=disable TimeZone=Asia/Shanghai
2024/04/07 18:52:00.524116 db.go:34: [Info] Database connected successfully
2024/04/07 18:52:00.524316 db.go:36: [Info] running migrations
2024/04/07 18:52:00.689510 main.go:39: [Info] Server started on port 3001
2024/04/07 18:53:34.427779 main.go:18: [Info] Starting server...
2024/04/07 18:53:34.428158 db.go:23: [Info] Connecting to database with : host=localhost user=postgres password=admin dbname=pouswap port=5432 sslmode=disable TimeZone=Asia/Shanghai
2024/04/07 18:53:34.476572 db.go:34: [Info] Database connected successfully
2024/04/07 18:53:34.476638 db.go:36: [Info] running migrations
2024/04/07 18:53:34.673740 main.go:39: [Info] Server started on port 3001
2024/04/07 19:01:25.755524 main.go:18: [Info] Starting server...
2024/04/07 19:01:25.755835 db.go:23: [Info] Connecting to database with : host=localhost user=postgres password=admin dbname=pouswap port=5432 sslmode=disable TimeZone=Asia/Shanghai
2024/04/07 19:01:25.807186 db.go:34: [Info] Database connected successfully
2024/04/07 19:01:25.807236 db.go:36: [Info] running migrations
2024/04/07 19:01:25.963261 main.go:39: [Info] Server started on port 3001
2024/04/07 19:04:02.048013 main.go:18: [Info] Starting server...
2024/04/07 19:04:02.049010 db.go:23: [Info] Connecting to database with : host=localhost user=postgres password=admin dbname=pouswap port=5432 sslmode=disable TimeZone=Asia/Shanghai
2024/04/07 19:04:02.096499 db.go:34: [Info] Database connected successfully
2024/04/07 19:04:02.096553 db.go:36: [Info] running migrations
2024/04/07 19:04:02.247665 main.go:39: [Info] Server started on port 3001
2024/04/07 19:07:36.633928 main.go:18: [Info] Starting server...
2024/04/07 19:07:36.634214 db.go:23: [Info] Connecting to database with : host=localhost user=postgres password=admin dbname=pouswap port=5432 sslmode=disable TimeZone=Asia/Shanghai
2024/04/07 19:07:36.682479 db.go:34: [Info] Database connected successfully
2024/04/07 19:07:36.682527 db.go:36: [Info] running migrations
2024/04/07 19:07:36.833925 main.go:48: [Info] Server started on port 3001
2024/04/07 19:11:26.252242 main.go:18: [Info] Starting server...
2024/04/07 19:11:26.252765 db.go:23: [Info] Connecting to database with : host=localhost user=postgres password=admin dbname=pouswap port=5432 sslmode=disable TimeZone=Asia/Shanghai
2024/04/07 19:11:26.306072 db.go:34: [Info] Database connected successfully
2024/04/07 19:11:26.306136 db.go:36: [Info] running migrations
2024/04/07 19:11:26.454289 main.go:39: [Info] Server started on port 3001
2024/04/07 19:12:17.487792 main.go:18: [Info] Starting server...
2024/04/07 19:12:17.487918 db.go:23: [Info] Connecting to database with : host=localhost user=postgres password=admin dbname=pouswap port=5432 sslmode=disable TimeZone=Asia/Shanghai
2024/04/07 19:12:17.532157 db.go:34: [Info] Database connected successfully
2024/04/07 19:12:17.532204 db.go:36: [Info] running migrations
2024/04/07 19:12:17.689724 main.go:39: [Info] Server started on port 3001
2024/04/07 19:12:56.135436 main.go:18: [Info] Starting server...
2024/04/07 19:12:56.135842 db.go:23: [Info] Connecting to database with : host=localhost user=postgres password=admin dbname=pouswap port=5432 sslmode=disable TimeZone=Asia/Shanghai
2024/04/07 19:12:56.190987 db.go:34: [Info] Database connected successfully
2024/04/07 19:12:56.191042 db.go:36: [Info] running migrations
2024/04/07 19:12:56.348756 main.go:48: [Info] Server started on port 3001
